<?xml version="1.0" encoding="UTF-8"?>
<!-- Generated by org.testng.reporters.JUnitReportReporter -->
<testsuite skipped="0" hostname="W7x64" name="com.TestCases.Deals_TestCase" tests="1" failures="0" timestamp="31 Mar 2018 16:46:02 GMT" time="183.106" errors="0">
  <testcase name="Dealstest" time="183.106" classname="com.TestCases.Deals_TestCase"/>
</testsuite> <!-- com.TestCases.Deals_TestCase -->
