<?xml version="1.0" encoding="UTF-8"?>
<!-- Generated by org.testng.reporters.JUnitReportReporter -->
<testsuite skipped="0" hostname="W7x64" name="com.TestCases.Contact_TestCase" tests="1" failures="0" timestamp="31 Mar 2018 16:46:02 GMT" time="124.306" errors="0">
  <testcase name="Create_Contacts" time="124.306" classname="com.TestCases.Contact_TestCase"/>
</testsuite> <!-- com.TestCases.Contact_TestCase -->
