<?xml version="1.0" encoding="UTF-8"?>
<!-- Generated by org.testng.reporters.JUnitReportReporter -->
<testsuite skipped="0" hostname="W7x64" name="com.Utils.BaseTest" tests="1" failures="0" timestamp="31 Mar 2018 06:54:30 GMT" time="0.019" errors="0">
  <testcase name="demo" time="0.019" classname="com.Utils.BaseTest"/>
</testsuite> <!-- com.Utils.BaseTest -->
