<?xml version="1.0" encoding="UTF-8"?>
<!-- Generated by org.testng.reporters.JUnitReportReporter -->
<testsuite skipped="0" hostname="W7x64" name="com.TestCases.Tasks_TestCase" tests="1" failures="0" timestamp="31 Mar 2018 16:46:02 GMT" time="173.979" errors="0">
  <testcase name="TasksTests" time="173.979" classname="com.TestCases.Tasks_TestCase"/>
</testsuite> <!-- com.TestCases.Tasks_TestCase -->
