<?xml version="1.0" encoding="UTF-8"?>
<!-- Generated by org.testng.reporters.JUnitReportReporter -->
<testsuite skipped="0" hostname="W7x64" name="com.TestCases.Contact_TestCase" tests="1" failures="0" timestamp="01 Apr 2018 13:17:40 GMT" time="125.951" errors="0">
  <testcase name="Create_Contacts" time="125.951" classname="com.TestCases.Contact_TestCase"/>
</testsuite> <!-- com.TestCases.Contact_TestCase -->
