<?xml version="1.0" encoding="UTF-8"?>
<!-- Generated by org.testng.reporters.JUnitReportReporter -->
<testsuite skipped="0" hostname="W7x64" name="com.TestCases.Deals_TestCase" tests="1" failures="0" timestamp="01 Apr 2018 13:17:40 GMT" time="118.653" errors="0">
  <testcase name="Dealstest" time="118.653" classname="com.TestCases.Deals_TestCase"/>
</testsuite> <!-- com.TestCases.Deals_TestCase -->
